2014-01-18 00:03:34: init
2014-01-18 00:03:36: table: wp_blog_versions segment: 1/1
2014-01-18 00:03:36: table: wp_blog_versions segment: 1/1
2014-01-18 00:03:36: table: wp_blogs segment: 1/1
2014-01-18 00:03:36: table: wp_blogs segment: 1/1
2014-01-18 00:03:36: table: wp_commentmeta segment: 1/1
2014-01-18 00:03:36: table: wp_commentmeta segment: 1/1
2014-01-18 00:03:36: table: wp_comments segment: 1/1
2014-01-18 00:03:36: table: wp_comments segment: 1/1
2014-01-18 00:03:36: table: wp_links segment: 1/1
2014-01-18 00:03:36: table: wp_links segment: 1/1
2014-01-18 00:03:36: table: wp_options segment: 1/1
2014-01-18 00:03:36: table: wp_options segment: 1/1
2014-01-18 00:03:36: table: wp_postmeta segment: 1/1
2014-01-18 00:03:36: table: wp_postmeta segment: 1/1
2014-01-18 00:03:36: table: wp_posts segment: 1/1
2014-01-18 00:03:36: table: wp_posts segment: 1/1
2014-01-18 00:03:37: table: wp_registration_log segment: 1/1
2014-01-18 00:03:37: table: wp_registration_log segment: 1/1
2014-01-18 00:03:38: table: wp_signups segment: 1/1
2014-01-18 00:03:38: table: wp_signups segment: 1/1
2014-01-18 00:03:38: table: wp_site segment: 1/1
2014-01-18 00:03:38: table: wp_site segment: 1/1
2014-01-18 00:03:38: table: wp_sitemeta segment: 1/1
2014-01-18 00:03:38: table: wp_sitemeta segment: 1/1
2014-01-18 00:03:39: table: wp_term_relationships segment: 1/1
2014-01-18 00:03:39: table: wp_term_relationships segment: 1/1
2014-01-18 00:03:39: table: wp_term_taxonomy segment: 1/1
2014-01-18 00:03:39: table: wp_term_taxonomy segment: 1/1
2014-01-18 00:03:39: table: wp_terms segment: 1/1
2014-01-18 00:03:39: table: wp_terms segment: 1/1
2014-01-18 00:03:39: table: wp_usermeta segment: 1/1
2014-01-18 00:03:39: table: wp_usermeta segment: 1/1
2014-01-18 00:03:40: table: wp_users segment: 1/1
2014-01-18 00:03:40: table: wp_users segment: 1/1
2014-01-18 00:03:40: table: wp_bb_forums segment: 1/1
2014-01-18 00:03:40: table: wp_bb_forums segment: 1/1
2014-01-18 00:03:40: table: wp_bb_meta segment: 1/1
2014-01-18 00:03:40: table: wp_bb_meta segment: 1/1
2014-01-18 00:03:41: table: wp_bb_posts segment: 1/1
2014-01-18 00:03:41: table: wp_bb_posts segment: 1/1
2014-01-18 00:03:41: table: wp_bb_term_relationships segment: 1/1
2014-01-18 00:03:41: table: wp_bb_term_relationships segment: 1/1
2014-01-18 00:03:41: table: wp_bb_term_taxonomy segment: 1/1
2014-01-18 00:03:41: table: wp_bb_term_taxonomy segment: 1/1
2014-01-18 00:03:42: table: wp_bb_terms segment: 1/1
2014-01-18 00:03:42: table: wp_bb_terms segment: 1/1
2014-01-18 00:03:42: table: wp_bb_topics segment: 1/1
2014-01-18 00:03:42: table: wp_bb_topics segment: 1/1
2014-01-18 00:03:43: table: wp_bp_activity segment: 1/1
2014-01-18 00:03:43: table: wp_bp_activity segment: 1/1
2014-01-18 00:03:46: table: wp_bp_activity_meta segment: 1/1
2014-01-18 00:03:46: table: wp_bp_activity_meta segment: 1/1
2014-01-18 00:03:47: table: wp_bp_friends segment: 1/1
2014-01-18 00:03:47: table: wp_bp_friends segment: 1/1
2014-01-18 00:03:47: table: wp_bp_groups segment: 1/1
2014-01-18 00:03:47: table: wp_bp_groups segment: 1/1
2014-01-18 00:03:48: table: wp_bp_groups_groupmeta segment: 1/1
2014-01-18 00:03:48: table: wp_bp_groups_groupmeta segment: 1/1
2014-01-18 00:03:48: table: wp_bp_groups_members segment: 1/1
2014-01-18 00:03:48: table: wp_bp_groups_members segment: 1/1
2014-01-18 00:03:48: table: wp_bp_messages_messages segment: 1/1
2014-01-18 00:03:48: table: wp_bp_messages_messages segment: 1/1
2014-01-18 00:03:48: table: wp_bp_messages_notices segment: 1/1
2014-01-18 00:03:48: table: wp_bp_messages_notices segment: 1/1
2014-01-18 00:03:49: table: wp_bp_messages_recipients segment: 1/1
2014-01-18 00:03:49: table: wp_bp_messages_recipients segment: 1/1
2014-01-18 00:03:49: table: wp_bp_notifications segment: 1/1
2014-01-18 00:03:49: table: wp_bp_notifications segment: 1/1
2014-01-18 00:03:50: table: wp_bp_user_blogs segment: 1/1
2014-01-18 00:03:50: table: wp_bp_user_blogs segment: 1/1
2014-01-18 00:03:51: table: wp_bp_user_blogs_blogmeta segment: 1/1
2014-01-18 00:03:51: table: wp_bp_user_blogs_blogmeta segment: 1/1
2014-01-18 00:03:51: table: wp_bp_xprofile_data segment: 1/1
2014-01-18 00:03:51: table: wp_bp_xprofile_data segment: 1/1
2014-01-18 00:03:52: table: wp_bp_xprofile_fields segment: 1/1
2014-01-18 00:03:52: table: wp_bp_xprofile_fields segment: 1/1
2014-01-18 00:03:53: table: wp_bp_xprofile_groups segment: 1/1
2014-01-18 00:03:53: table: wp_bp_xprofile_groups segment: 1/1
2014-01-18 00:03:53: table: wp_bp_xprofile_meta segment: 1/1
2014-01-18 00:03:53: table: wp_bp_xprofile_meta segment: 1/1
2014-01-18 00:03:54: table: wp_chat_log segment: 1/1
2014-01-18 00:03:54: table: wp_chat_log segment: 1/1
2014-01-18 00:03:55: table: wp_chat_message segment: 1/1
2014-01-18 00:03:55: table: wp_chat_message segment: 1/1
2014-01-18 00:03:55: table: wp_cunjoshare segment: 1/1
2014-01-18 00:03:55: table: wp_cunjoshare segment: 1/1
2014-01-18 00:03:56: table: wp_invitations segment: 1/1
2014-01-18 00:03:56: table: wp_invitations segment: 1/1
2014-01-18 00:03:57: table: wp_myboard_images segment: 1/1
2014-01-18 00:03:57: table: wp_myboard_images segment: 1/1
2014-01-18 00:03:57: table: wp_user_activity segment: 1/1
2014-01-18 00:03:57: table: wp_user_activity segment: 1/1
2014-01-18 00:03:58: table: wp_user_activity_log segment: 1/1
2014-01-18 00:03:58: table: wp_user_activity_log segment: 1/1
2014-01-18 00:03:59: file: non selected
2014-01-18 00:03:59: memory limit: 256M: memory usage current: 74.25M: memory usage peak: 75.75M
2014-01-18 00:03:59: finish: snapshot-1381197048-140118-000334-449ffb15.zip
2014-01-18 00:04:03: Warning: errno:2 ftp_login() [<a href='function.ftp-login'>function.ftp-login</a>]: Login authentication failed /home/bandve5/public_html/wp-content/plugins/snapshot/lib/destinations/ftp/index.php on line 558
