2013-11-05 00:09:21: init
2013-11-05 00:09:25: table: wp_blog_versions segment: 1/1
2013-11-05 00:09:25: table: wp_blog_versions segment: 1/1
2013-11-05 00:09:25: table: wp_blogs segment: 1/1
2013-11-05 00:09:25: table: wp_blogs segment: 1/1
2013-11-05 00:09:25: table: wp_commentmeta segment: 1/1
2013-11-05 00:09:25: table: wp_commentmeta segment: 1/1
2013-11-05 00:09:25: table: wp_comments segment: 1/1
2013-11-05 00:09:25: table: wp_comments segment: 1/1
2013-11-05 00:09:25: table: wp_links segment: 1/1
2013-11-05 00:09:25: table: wp_links segment: 1/1
2013-11-05 00:09:25: table: wp_options segment: 1/1
2013-11-05 00:09:25: table: wp_options segment: 1/1
2013-11-05 00:09:26: table: wp_postmeta segment: 1/1
2013-11-05 00:09:26: table: wp_postmeta segment: 1/1
2013-11-05 00:09:27: table: wp_posts segment: 1/1
2013-11-05 00:09:27: table: wp_posts segment: 1/1
2013-11-05 00:09:29: table: wp_registration_log segment: 1/1
2013-11-05 00:09:29: table: wp_registration_log segment: 1/1
2013-11-05 00:09:29: table: wp_signups segment: 1/1
2013-11-05 00:09:29: table: wp_signups segment: 1/1
2013-11-05 00:09:31: table: wp_site segment: 1/1
2013-11-05 00:09:31: table: wp_site segment: 1/1
2013-11-05 00:09:32: table: wp_sitemeta segment: 1/1
2013-11-05 00:09:32: table: wp_sitemeta segment: 1/1
2013-11-05 00:09:35: table: wp_term_relationships segment: 1/1
2013-11-05 00:09:35: table: wp_term_relationships segment: 1/1
2013-11-05 00:09:36: table: wp_term_taxonomy segment: 1/1
2013-11-05 00:09:36: table: wp_term_taxonomy segment: 1/1
2013-11-05 00:09:37: table: wp_terms segment: 1/1
2013-11-05 00:09:37: table: wp_terms segment: 1/1
2013-11-05 00:09:39: table: wp_usermeta segment: 1/1
2013-11-05 00:09:39: table: wp_usermeta segment: 1/1
2013-11-05 00:09:40: table: wp_users segment: 1/1
2013-11-05 00:09:40: table: wp_users segment: 1/1
2013-11-05 00:09:42: table: wp_bb_forums segment: 1/1
2013-11-05 00:09:42: table: wp_bb_forums segment: 1/1
2013-11-05 00:09:43: table: wp_bb_meta segment: 1/1
2013-11-05 00:09:43: table: wp_bb_meta segment: 1/1
2013-11-05 00:09:45: table: wp_bb_posts segment: 1/1
2013-11-05 00:09:45: table: wp_bb_posts segment: 1/1
2013-11-05 00:09:46: table: wp_bb_term_relationships segment: 1/1
2013-11-05 00:09:46: table: wp_bb_term_relationships segment: 1/1
2013-11-05 00:09:47: table: wp_bb_term_taxonomy segment: 1/1
2013-11-05 00:09:47: table: wp_bb_term_taxonomy segment: 1/1
2013-11-05 00:09:49: table: wp_bb_terms segment: 1/1
2013-11-05 00:09:49: table: wp_bb_terms segment: 1/1
2013-11-05 00:09:50: table: wp_bb_topics segment: 1/1
2013-11-05 00:09:50: table: wp_bb_topics segment: 1/1
2013-11-05 00:09:51: table: wp_bp_activity segment: 1/1
2013-11-05 00:09:51: table: wp_bp_activity segment: 1/1
2013-11-05 00:09:58: table: wp_bp_activity_meta segment: 1/1
2013-11-05 00:09:58: table: wp_bp_activity_meta segment: 1/1
2013-11-05 00:10:01: table: wp_bp_friends segment: 1/1
2013-11-05 00:10:01: table: wp_bp_friends segment: 1/1
2013-11-05 00:10:03: table: wp_bp_groups segment: 1/1
2013-11-05 00:10:03: table: wp_bp_groups segment: 1/1
2013-11-05 00:10:06: table: wp_bp_groups_groupmeta segment: 1/1
2013-11-05 00:10:06: table: wp_bp_groups_groupmeta segment: 1/1
2013-11-05 00:10:08: table: wp_bp_groups_members segment: 1/1
2013-11-05 00:10:08: table: wp_bp_groups_members segment: 1/1
2013-11-05 00:10:11: table: wp_bp_messages_messages segment: 1/1
2013-11-05 00:10:11: table: wp_bp_messages_messages segment: 1/1
2013-11-05 00:10:13: table: wp_bp_messages_notices segment: 1/1
2013-11-05 00:10:13: table: wp_bp_messages_notices segment: 1/1
2013-11-05 00:10:14: table: wp_bp_messages_recipients segment: 1/1
2013-11-05 00:10:14: table: wp_bp_messages_recipients segment: 1/1
2013-11-05 00:10:16: table: wp_bp_notifications segment: 1/1
2013-11-05 00:10:16: table: wp_bp_notifications segment: 1/1
2013-11-05 00:10:17: table: wp_bp_user_blogs segment: 1/1
2013-11-05 00:10:17: table: wp_bp_user_blogs segment: 1/1
2013-11-05 00:10:19: table: wp_bp_user_blogs_blogmeta segment: 1/1
2013-11-05 00:10:19: table: wp_bp_user_blogs_blogmeta segment: 1/1
2013-11-05 00:10:22: table: wp_bp_xprofile_data segment: 1/1
2013-11-05 00:10:22: table: wp_bp_xprofile_data segment: 1/1
2013-11-05 00:10:22: table: wp_bp_xprofile_fields segment: 1/1
2013-11-05 00:10:22: table: wp_bp_xprofile_fields segment: 1/1
2013-11-05 00:10:25: table: wp_bp_xprofile_groups segment: 1/1
2013-11-05 00:10:25: table: wp_bp_xprofile_groups segment: 1/1
2013-11-05 00:10:28: table: wp_bp_xprofile_meta segment: 1/1
2013-11-05 00:10:28: table: wp_bp_xprofile_meta segment: 1/1
2013-11-05 00:10:30: table: wp_chat_log segment: 1/1
2013-11-05 00:10:30: table: wp_chat_log segment: 1/1
2013-11-05 00:10:32: table: wp_chat_message segment: 1/1
2013-11-05 00:10:32: table: wp_chat_message segment: 1/1
2013-11-05 00:10:34: table: wp_invitations segment: 1/1
2013-11-05 00:10:34: table: wp_invitations segment: 1/1
2013-11-05 00:10:37: table: wp_myboard_images segment: 1/1
2013-11-05 00:10:37: table: wp_myboard_images segment: 1/1
2013-11-05 00:10:40: table: wp_user_activity segment: 1/1
2013-11-05 00:10:40: table: wp_user_activity segment: 1/1
2013-11-05 00:10:42: table: wp_user_activity_log segment: 1/1
2013-11-05 00:10:42: table: wp_user_activity_log segment: 1/1
2013-11-05 00:10:45: file: non selected
2013-11-05 00:10:48: memory limit: 256M: memory usage current: 63M: memory usage peak: 64.25M
2013-11-05 00:10:48: finish: snapshot-1381197048-131105-000921-c7be482f.zip
2013-11-05 00:10:53: Warning: errno:2 ftp_login() [<a href='function.ftp-login'>function.ftp-login</a>]: Login authentication failed /home/bandve5/public_html/wp-content/plugins/snapshot/lib/destinations/ftp/index.php on line 558
