2014-02-02 00:15:43: init
2014-02-02 00:15:43: table: wp_blog_versions segment: 1/1
2014-02-02 00:15:43: table: wp_blog_versions segment: 1/1
2014-02-02 00:15:43: table: wp_blogs segment: 1/1
2014-02-02 00:15:43: table: wp_blogs segment: 1/1
2014-02-02 00:15:43: table: wp_commentmeta segment: 1/1
2014-02-02 00:15:43: table: wp_commentmeta segment: 1/1
2014-02-02 00:15:43: table: wp_comments segment: 1/1
2014-02-02 00:15:43: table: wp_comments segment: 1/1
2014-02-02 00:15:43: table: wp_links segment: 1/1
2014-02-02 00:15:43: table: wp_links segment: 1/1
2014-02-02 00:15:43: table: wp_options segment: 1/1
2014-02-02 00:15:43: table: wp_options segment: 1/1
2014-02-02 00:15:44: table: wp_postmeta segment: 1/1
2014-02-02 00:15:44: table: wp_postmeta segment: 1/1
2014-02-02 00:15:45: table: wp_posts segment: 1/1
2014-02-02 00:15:45: table: wp_posts segment: 1/1
2014-02-02 00:15:47: table: wp_registration_log segment: 1/1
2014-02-02 00:15:47: table: wp_registration_log segment: 1/1
2014-02-02 00:15:48: table: wp_signups segment: 1/1
2014-02-02 00:15:48: table: wp_signups segment: 1/1
2014-02-02 00:15:49: table: wp_site segment: 1/1
2014-02-02 00:15:49: table: wp_site segment: 1/1
2014-02-02 00:15:50: table: wp_sitemeta segment: 1/1
2014-02-02 00:15:50: table: wp_sitemeta segment: 1/1
2014-02-02 00:15:51: table: wp_term_relationships segment: 1/1
2014-02-02 00:15:51: table: wp_term_relationships segment: 1/1
2014-02-02 00:15:52: table: wp_term_taxonomy segment: 1/1
2014-02-02 00:15:52: table: wp_term_taxonomy segment: 1/1
2014-02-02 00:15:52: table: wp_terms segment: 1/1
2014-02-02 00:15:52: table: wp_terms segment: 1/1
2014-02-02 00:15:53: table: wp_usermeta segment: 1/1
2014-02-02 00:15:53: table: wp_usermeta segment: 1/1
2014-02-02 00:15:55: table: wp_users segment: 1/1
2014-02-02 00:15:55: table: wp_users segment: 1/1
2014-02-02 00:15:56: table: wp_bb_forums segment: 1/1
2014-02-02 00:15:56: table: wp_bb_forums segment: 1/1
2014-02-02 00:15:57: table: wp_bb_meta segment: 1/1
2014-02-02 00:15:57: table: wp_bb_meta segment: 1/1
2014-02-02 00:15:57: table: wp_bb_posts segment: 1/1
2014-02-02 00:15:57: table: wp_bb_posts segment: 1/1
2014-02-02 00:15:58: table: wp_bb_term_relationships segment: 1/1
2014-02-02 00:15:58: table: wp_bb_term_relationships segment: 1/1
2014-02-02 00:15:59: table: wp_bb_term_taxonomy segment: 1/1
2014-02-02 00:15:59: table: wp_bb_term_taxonomy segment: 1/1
2014-02-02 00:16:00: table: wp_bb_terms segment: 1/1
2014-02-02 00:16:00: table: wp_bb_terms segment: 1/1
2014-02-02 00:16:02: table: wp_bb_topics segment: 1/1
2014-02-02 00:16:02: table: wp_bb_topics segment: 1/1
2014-02-02 00:16:02: table: wp_bp_activity segment: 1/1
2014-02-02 00:16:02: table: wp_bp_activity segment: 1/1
2014-02-02 00:16:10: table: wp_bp_activity_meta segment: 1/1
2014-02-02 00:16:10: table: wp_bp_activity_meta segment: 1/1
2014-02-02 00:16:12: table: wp_bp_friends segment: 1/1
2014-02-02 00:16:12: table: wp_bp_friends segment: 1/1
2014-02-02 00:16:14: table: wp_bp_groups segment: 1/1
2014-02-02 00:16:14: table: wp_bp_groups segment: 1/1
2014-02-02 00:16:15: table: wp_bp_groups_groupmeta segment: 1/1
2014-02-02 00:16:15: table: wp_bp_groups_groupmeta segment: 1/1
2014-02-02 00:16:16: table: wp_bp_groups_members segment: 1/1
2014-02-02 00:16:16: table: wp_bp_groups_members segment: 1/1
2014-02-02 00:16:17: table: wp_bp_messages_messages segment: 1/1
2014-02-02 00:16:17: table: wp_bp_messages_messages segment: 1/1
2014-02-02 00:16:18: table: wp_bp_messages_notices segment: 1/1
2014-02-02 00:16:18: table: wp_bp_messages_notices segment: 1/1
2014-02-02 00:16:19: table: wp_bp_messages_recipients segment: 1/1
2014-02-02 00:16:19: table: wp_bp_messages_recipients segment: 1/1
2014-02-02 00:16:20: table: wp_bp_notifications segment: 1/1
2014-02-02 00:16:20: table: wp_bp_notifications segment: 1/1
2014-02-02 00:16:22: table: wp_bp_user_blogs segment: 1/1
2014-02-02 00:16:22: table: wp_bp_user_blogs segment: 1/1
2014-02-02 00:16:25: table: wp_bp_user_blogs_blogmeta segment: 1/1
2014-02-02 00:16:25: table: wp_bp_user_blogs_blogmeta segment: 1/1
2014-02-02 00:16:27: table: wp_bp_xprofile_data segment: 1/1
2014-02-02 00:16:27: table: wp_bp_xprofile_data segment: 1/1
2014-02-02 00:16:29: table: wp_bp_xprofile_fields segment: 1/1
2014-02-02 00:16:29: table: wp_bp_xprofile_fields segment: 1/1
2014-02-02 00:16:31: table: wp_bp_xprofile_groups segment: 1/1
2014-02-02 00:16:31: table: wp_bp_xprofile_groups segment: 1/1
2014-02-02 00:16:33: table: wp_bp_xprofile_meta segment: 1/1
2014-02-02 00:16:33: table: wp_bp_xprofile_meta segment: 1/1
2014-02-02 00:16:36: table: wp_chat_log segment: 1/1
2014-02-02 00:16:36: table: wp_chat_log segment: 1/1
2014-02-02 00:16:38: table: wp_chat_message segment: 1/1
2014-02-02 00:16:38: table: wp_chat_message segment: 1/1
2014-02-02 00:16:41: table: wp_cunjoshare segment: 1/1
2014-02-02 00:16:41: table: wp_cunjoshare segment: 1/1
2014-02-02 00:16:42: table: wp_invitations segment: 1/1
2014-02-02 00:16:42: table: wp_invitations segment: 1/1
2014-02-02 00:16:46: table: wp_myboard_images segment: 1/1
2014-02-02 00:16:46: table: wp_myboard_images segment: 1/1
2014-02-02 00:16:47: table: wp_user_activity segment: 1/1
2014-02-02 00:16:47: table: wp_user_activity segment: 1/1
2014-02-02 00:16:49: table: wp_user_activity_log segment: 1/1
2014-02-02 00:16:49: table: wp_user_activity_log segment: 1/1
2014-02-02 00:16:51: file: non selected
2014-02-02 00:16:53: memory limit: 256M: memory usage current: 74.75M: memory usage peak: 76.75M
2014-02-02 00:16:53: finish: snapshot-1381197048-140202-001543-bf2868d8.zip
2014-02-02 00:16:57: Warning: errno:2 ftp_login() [<a href='function.ftp-login'>function.ftp-login</a>]: Login authentication failed /home/bandve5/public_html/wp-content/plugins/snapshot/lib/destinations/ftp/index.php on line 558
