2013-10-23 00:20:34: init
2013-10-23 00:20:39: table: wp_blog_versions segment: 1/1
2013-10-23 00:20:39: table: wp_blog_versions segment: 1/1
2013-10-23 00:20:39: table: wp_blogs segment: 1/1
2013-10-23 00:20:39: table: wp_blogs segment: 1/1
2013-10-23 00:20:39: table: wp_commentmeta segment: 1/1
2013-10-23 00:20:39: table: wp_commentmeta segment: 1/1
2013-10-23 00:20:40: table: wp_comments segment: 1/1
2013-10-23 00:20:40: table: wp_comments segment: 1/1
2013-10-23 00:20:40: table: wp_links segment: 1/1
2013-10-23 00:20:40: table: wp_links segment: 1/1
2013-10-23 00:20:40: table: wp_options segment: 1/1
2013-10-23 00:20:40: table: wp_options segment: 1/1
2013-10-23 00:20:41: table: wp_postmeta segment: 1/1
2013-10-23 00:20:41: table: wp_postmeta segment: 1/1
2013-10-23 00:20:41: table: wp_posts segment: 1/1
2013-10-23 00:20:41: table: wp_posts segment: 1/1
2013-10-23 00:20:41: table: wp_registration_log segment: 1/1
2013-10-23 00:20:41: table: wp_registration_log segment: 1/1
2013-10-23 00:20:42: table: wp_signups segment: 1/1
2013-10-23 00:20:42: table: wp_signups segment: 1/1
2013-10-23 00:20:42: table: wp_site segment: 1/1
2013-10-23 00:20:42: table: wp_site segment: 1/1
2013-10-23 00:20:43: table: wp_sitemeta segment: 1/1
2013-10-23 00:20:43: table: wp_sitemeta segment: 1/1
2013-10-23 00:20:46: table: wp_term_relationships segment: 1/1
2013-10-23 00:20:46: table: wp_term_relationships segment: 1/1
2013-10-23 00:20:47: table: wp_term_taxonomy segment: 1/1
2013-10-23 00:20:47: table: wp_term_taxonomy segment: 1/1
2013-10-23 00:20:48: table: wp_terms segment: 1/1
2013-10-23 00:20:48: table: wp_terms segment: 1/1
2013-10-23 00:20:49: table: wp_usermeta segment: 1/1
2013-10-23 00:20:49: table: wp_usermeta segment: 1/1
2013-10-23 00:20:51: table: wp_users segment: 1/1
2013-10-23 00:20:51: table: wp_users segment: 1/1
2013-10-23 00:20:52: table: wp_bb_forums segment: 1/1
2013-10-23 00:20:52: table: wp_bb_forums segment: 1/1
2013-10-23 00:20:54: table: wp_bb_meta segment: 1/1
2013-10-23 00:20:54: table: wp_bb_meta segment: 1/1
2013-10-23 00:20:55: table: wp_bb_posts segment: 1/1
2013-10-23 00:20:55: table: wp_bb_posts segment: 1/1
2013-10-23 00:20:57: table: wp_bb_term_relationships segment: 1/1
2013-10-23 00:20:57: table: wp_bb_term_relationships segment: 1/1
2013-10-23 00:20:58: table: wp_bb_term_taxonomy segment: 1/1
2013-10-23 00:20:58: table: wp_bb_term_taxonomy segment: 1/1
2013-10-23 00:20:59: table: wp_bb_terms segment: 1/1
2013-10-23 00:20:59: table: wp_bb_terms segment: 1/1
2013-10-23 00:21:01: table: wp_bb_topics segment: 1/1
2013-10-23 00:21:01: table: wp_bb_topics segment: 1/1
2013-10-23 00:21:02: table: wp_bp_activity segment: 1/1
2013-10-23 00:21:02: table: wp_bp_activity segment: 1/1
2013-10-23 00:21:09: table: wp_bp_activity_meta segment: 1/1
2013-10-23 00:21:09: table: wp_bp_activity_meta segment: 1/1
2013-10-23 00:21:11: table: wp_bp_friends segment: 1/1
2013-10-23 00:21:11: table: wp_bp_friends segment: 1/1
2013-10-23 00:21:12: table: wp_bp_groups segment: 1/1
2013-10-23 00:21:12: table: wp_bp_groups segment: 1/1
2013-10-23 00:21:12: table: wp_bp_groups_groupmeta segment: 1/1
2013-10-23 00:21:12: table: wp_bp_groups_groupmeta segment: 1/1
2013-10-23 00:21:13: table: wp_bp_groups_members segment: 1/1
2013-10-23 00:21:13: table: wp_bp_groups_members segment: 1/1
2013-10-23 00:21:14: table: wp_bp_messages_messages segment: 1/1
2013-10-23 00:21:14: table: wp_bp_messages_messages segment: 1/1
2013-10-23 00:21:15: table: wp_bp_messages_notices segment: 1/1
2013-10-23 00:21:15: table: wp_bp_messages_notices segment: 1/1
2013-10-23 00:21:16: table: wp_bp_messages_recipients segment: 1/1
2013-10-23 00:21:16: table: wp_bp_messages_recipients segment: 1/1
2013-10-23 00:21:18: table: wp_bp_notifications segment: 1/1
2013-10-23 00:21:18: table: wp_bp_notifications segment: 1/1
2013-10-23 00:21:21: table: wp_bp_user_blogs segment: 1/1
2013-10-23 00:21:21: table: wp_bp_user_blogs segment: 1/1
2013-10-23 00:21:23: table: wp_bp_user_blogs_blogmeta segment: 1/1
2013-10-23 00:21:23: table: wp_bp_user_blogs_blogmeta segment: 1/1
2013-10-23 00:21:26: table: wp_bp_xprofile_data segment: 1/1
2013-10-23 00:21:26: table: wp_bp_xprofile_data segment: 1/1
2013-10-23 00:21:28: table: wp_bp_xprofile_fields segment: 1/1
2013-10-23 00:21:28: table: wp_bp_xprofile_fields segment: 1/1
2013-10-23 00:21:31: table: wp_bp_xprofile_groups segment: 1/1
2013-10-23 00:21:31: table: wp_bp_xprofile_groups segment: 1/1
2013-10-23 00:21:33: table: wp_bp_xprofile_meta segment: 1/1
2013-10-23 00:21:33: table: wp_bp_xprofile_meta segment: 1/1
2013-10-23 00:21:36: table: wp_chat_log segment: 1/1
2013-10-23 00:21:36: table: wp_chat_log segment: 1/1
2013-10-23 00:21:38: table: wp_chat_message segment: 1/1
2013-10-23 00:21:38: table: wp_chat_message segment: 1/1
2013-10-23 00:21:40: table: wp_invitations segment: 1/1
2013-10-23 00:21:40: table: wp_invitations segment: 1/1
2013-10-23 00:21:42: table: wp_myboard_images segment: 1/1
2013-10-23 00:21:42: table: wp_myboard_images segment: 1/1
2013-10-23 00:21:45: table: wp_user_activity segment: 1/1
2013-10-23 00:21:45: table: wp_user_activity segment: 1/1
2013-10-23 00:21:48: table: wp_user_activity_log segment: 1/1
2013-10-23 00:21:48: table: wp_user_activity_log segment: 1/1
2013-10-23 00:21:50: file: non selected
2013-10-23 00:21:53: memory limit: 256M: memory usage current: 62.75M: memory usage peak: 64M
2013-10-23 00:21:53: finish: snapshot-1381197048-131023-002034-e6981108.zip
2013-10-23 00:21:59: Warning: errno:2 ftp_login() [<a href='function.ftp-login'>function.ftp-login</a>]: Login authentication failed /home/bandve5/public_html/wp-content/plugins/snapshot/lib/destinations/ftp/index.php on line 558
2013-10-23 00:22:04: Warning: errno:2 ftp_login() [<a href='function.ftp-login'>function.ftp-login</a>]: Login authentication failed /home/bandve5/public_html/wp-content/plugins/snapshot/lib/destinations/ftp/index.php on line 558
2013-10-23 00:22:09: Warning: errno:2 ftp_login() [<a href='function.ftp-login'>function.ftp-login</a>]: Login authentication failed /home/bandve5/public_html/wp-content/plugins/snapshot/lib/destinations/ftp/index.php on line 558
