2013-11-18 00:00:38: init
2013-11-18 00:00:41: table: wp_blog_versions segment: 1/1
2013-11-18 00:00:41: table: wp_blog_versions segment: 1/1
2013-11-18 00:00:41: table: wp_blogs segment: 1/1
2013-11-18 00:00:41: table: wp_blogs segment: 1/1
2013-11-18 00:00:41: table: wp_commentmeta segment: 1/1
2013-11-18 00:00:41: table: wp_commentmeta segment: 1/1
2013-11-18 00:00:41: table: wp_comments segment: 1/1
2013-11-18 00:00:41: table: wp_comments segment: 1/1
2013-11-18 00:00:41: table: wp_links segment: 1/1
2013-11-18 00:00:41: table: wp_links segment: 1/1
2013-11-18 00:00:41: table: wp_options segment: 1/1
2013-11-18 00:00:41: table: wp_options segment: 1/1
2013-11-18 00:00:41: table: wp_postmeta segment: 1/1
2013-11-18 00:00:41: table: wp_postmeta segment: 1/1
2013-11-18 00:00:41: table: wp_posts segment: 1/1
2013-11-18 00:00:41: table: wp_posts segment: 1/1
2013-11-18 00:00:41: table: wp_registration_log segment: 1/1
2013-11-18 00:00:41: table: wp_registration_log segment: 1/1
2013-11-18 00:00:41: table: wp_signups segment: 1/1
2013-11-18 00:00:41: table: wp_signups segment: 1/1
2013-11-18 00:00:41: table: wp_site segment: 1/1
2013-11-18 00:00:41: table: wp_site segment: 1/1
2013-11-18 00:00:41: table: wp_sitemeta segment: 1/1
2013-11-18 00:00:41: table: wp_sitemeta segment: 1/1
2013-11-18 00:00:41: table: wp_term_relationships segment: 1/1
2013-11-18 00:00:41: table: wp_term_relationships segment: 1/1
2013-11-18 00:00:41: table: wp_term_taxonomy segment: 1/1
2013-11-18 00:00:41: table: wp_term_taxonomy segment: 1/1
2013-11-18 00:00:41: table: wp_terms segment: 1/1
2013-11-18 00:00:41: table: wp_terms segment: 1/1
2013-11-18 00:00:41: table: wp_usermeta segment: 1/1
2013-11-18 00:00:41: table: wp_usermeta segment: 1/1
2013-11-18 00:00:42: table: wp_users segment: 1/1
2013-11-18 00:00:42: table: wp_users segment: 1/1
2013-11-18 00:00:42: table: wp_bb_forums segment: 1/1
2013-11-18 00:00:42: table: wp_bb_forums segment: 1/1
2013-11-18 00:00:42: table: wp_bb_meta segment: 1/1
2013-11-18 00:00:42: table: wp_bb_meta segment: 1/1
2013-11-18 00:00:42: table: wp_bb_posts segment: 1/1
2013-11-18 00:00:42: table: wp_bb_posts segment: 1/1
2013-11-18 00:00:42: table: wp_bb_term_relationships segment: 1/1
2013-11-18 00:00:42: table: wp_bb_term_relationships segment: 1/1
2013-11-18 00:00:42: table: wp_bb_term_taxonomy segment: 1/1
2013-11-18 00:00:42: table: wp_bb_term_taxonomy segment: 1/1
2013-11-18 00:00:42: table: wp_bb_terms segment: 1/1
2013-11-18 00:00:42: table: wp_bb_terms segment: 1/1
2013-11-18 00:00:42: table: wp_bb_topics segment: 1/1
2013-11-18 00:00:42: table: wp_bb_topics segment: 1/1
2013-11-18 00:00:42: table: wp_bp_activity segment: 1/1
2013-11-18 00:00:42: table: wp_bp_activity segment: 1/1
2013-11-18 00:00:43: table: wp_bp_activity_meta segment: 1/1
2013-11-18 00:00:43: table: wp_bp_activity_meta segment: 1/1
2013-11-18 00:00:43: table: wp_bp_friends segment: 1/1
2013-11-18 00:00:43: table: wp_bp_friends segment: 1/1
2013-11-18 00:00:43: table: wp_bp_groups segment: 1/1
2013-11-18 00:00:43: table: wp_bp_groups segment: 1/1
2013-11-18 00:00:43: table: wp_bp_groups_groupmeta segment: 1/1
2013-11-18 00:00:43: table: wp_bp_groups_groupmeta segment: 1/1
2013-11-18 00:00:43: table: wp_bp_groups_members segment: 1/1
2013-11-18 00:00:43: table: wp_bp_groups_members segment: 1/1
2013-11-18 00:00:43: table: wp_bp_messages_messages segment: 1/1
2013-11-18 00:00:43: table: wp_bp_messages_messages segment: 1/1
2013-11-18 00:00:43: table: wp_bp_messages_notices segment: 1/1
2013-11-18 00:00:43: table: wp_bp_messages_notices segment: 1/1
2013-11-18 00:00:43: table: wp_bp_messages_recipients segment: 1/1
2013-11-18 00:00:43: table: wp_bp_messages_recipients segment: 1/1
2013-11-18 00:00:43: table: wp_bp_notifications segment: 1/1
2013-11-18 00:00:43: table: wp_bp_notifications segment: 1/1
2013-11-18 00:00:43: table: wp_bp_user_blogs segment: 1/1
2013-11-18 00:00:43: table: wp_bp_user_blogs segment: 1/1
2013-11-18 00:00:43: table: wp_bp_user_blogs_blogmeta segment: 1/1
2013-11-18 00:00:43: table: wp_bp_user_blogs_blogmeta segment: 1/1
2013-11-18 00:00:44: table: wp_bp_xprofile_data segment: 1/1
2013-11-18 00:00:44: table: wp_bp_xprofile_data segment: 1/1
2013-11-18 00:00:44: table: wp_bp_xprofile_fields segment: 1/1
2013-11-18 00:00:44: table: wp_bp_xprofile_fields segment: 1/1
2013-11-18 00:00:44: table: wp_bp_xprofile_groups segment: 1/1
2013-11-18 00:00:44: table: wp_bp_xprofile_groups segment: 1/1
2013-11-18 00:00:44: table: wp_bp_xprofile_meta segment: 1/1
2013-11-18 00:00:44: table: wp_bp_xprofile_meta segment: 1/1
2013-11-18 00:00:44: table: wp_chat_log segment: 1/1
2013-11-18 00:00:44: table: wp_chat_log segment: 1/1
2013-11-18 00:00:44: table: wp_chat_message segment: 1/1
2013-11-18 00:00:44: table: wp_chat_message segment: 1/1
2013-11-18 00:00:44: table: wp_invitations segment: 1/1
2013-11-18 00:00:44: table: wp_invitations segment: 1/1
2013-11-18 00:00:44: table: wp_myboard_images segment: 1/1
2013-11-18 00:00:44: table: wp_myboard_images segment: 1/1
2013-11-18 00:00:44: table: wp_user_activity segment: 1/1
2013-11-18 00:00:44: table: wp_user_activity segment: 1/1
2013-11-18 00:00:44: table: wp_user_activity_log segment: 1/1
2013-11-18 00:00:44: table: wp_user_activity_log segment: 1/1
2013-11-18 00:00:44: file: non selected
2013-11-18 00:00:44: memory limit: 256M: memory usage current: 63.5M: memory usage peak: 65M
2013-11-18 00:00:44: finish: snapshot-1381197048-131118-000038-607b5579.zip
2013-11-18 00:00:49: Warning: errno:2 ftp_login() [<a href='function.ftp-login'>function.ftp-login</a>]: Login authentication failed /home/bandve5/public_html/wp-content/plugins/snapshot/lib/destinations/ftp/index.php on line 558
