2014-02-28 04:36:03: Backup: init
2014-02-28 04:36:04: adding new snapshot: 1393562039
2014-02-28 04:36:07: table: wp_blog_versions segment: 1/1
2014-02-28 04:36:10: table: wp_blogs segment: 1/1
2014-02-28 04:36:12: table: wp_commentmeta segment: 1/1
2014-02-28 04:36:14: table: wp_comments segment: 1/1
2014-02-28 04:36:16: table: wp_links segment: 1/1
2014-02-28 04:36:17: table: wp_options segment: 1/1
2014-02-28 04:36:21: table: wp_postmeta segment: 1/1
2014-02-28 04:36:22: table: wp_posts segment: 1/1
2014-02-28 04:36:24: table: wp_registration_log segment: 1/1
2014-02-28 04:36:25: table: wp_signups segment: 1/1
2014-02-28 04:36:28: table: wp_site segment: 1/1
2014-02-28 04:36:31: table: wp_sitemeta segment: 1/1
2014-02-28 04:36:32: table: wp_term_relationships segment: 1/1
2014-02-28 04:36:35: table: wp_term_taxonomy segment: 1/1
2014-02-28 04:36:37: table: wp_terms segment: 1/1
2014-02-28 04:36:38: table: wp_usermeta segment: 1/1
2014-02-28 04:36:40: table: wp_users segment: 1/1
2014-02-28 04:36:42: table: wp_bb_forums segment: 1/1
2014-02-28 04:36:44: table: wp_bb_meta segment: 1/1
2014-02-28 04:36:46: table: wp_bb_posts segment: 1/1
2014-02-28 04:36:48: table: wp_bb_term_relationships segment: 1/1
2014-02-28 04:36:50: table: wp_bb_term_taxonomy segment: 1/1
2014-02-28 04:36:52: table: wp_bb_terms segment: 1/1
2014-02-28 04:36:54: table: wp_bb_topics segment: 1/1
2014-02-28 04:36:57: table: wp_bp_activity segment: 1/1
2014-02-28 04:36:59: table: wp_bp_activity_meta segment: 1/1
2014-02-28 04:37:05: table: wp_bp_friends segment: 1/1
2014-02-28 04:37:09: table: wp_bp_groups segment: 1/1
2014-02-28 04:37:11: table: wp_bp_groups_groupmeta segment: 1/1
2014-02-28 04:37:14: table: wp_bp_groups_members segment: 1/1
2014-02-28 04:37:17: table: wp_bp_messages_messages segment: 1/1
2014-02-28 04:37:18: table: wp_bp_messages_notices segment: 1/1
2014-02-28 04:37:20: table: wp_bp_messages_recipients segment: 1/1
2014-02-28 04:37:22: table: wp_bp_notifications segment: 1/1
2014-02-28 04:37:25: table: wp_bp_user_blogs segment: 1/1
2014-02-28 04:37:26: table: wp_bp_user_blogs_blogmeta segment: 1/1
2014-02-28 04:37:29: table: wp_bp_xprofile_data segment: 1/1
2014-02-28 04:37:30: table: wp_bp_xprofile_fields segment: 1/1
2014-02-28 04:37:32: table: wp_bp_xprofile_groups segment: 1/1
2014-02-28 04:37:33: table: wp_bp_xprofile_meta segment: 1/1
2014-02-28 04:37:35: table: wp_chat_log segment: 1/1
2014-02-28 04:37:37: table: wp_chat_message segment: 1/1
2014-02-28 04:37:38: table: wp_cunjoshare segment: 1/1
2014-02-28 04:37:40: table: wp_invitations segment: 1/1
2014-02-28 04:37:41: table: wp_myboard_images segment: 1/1
2014-02-28 04:37:43: table: wp_rt_rtm_api segment: 1/1
2014-02-28 04:37:44: table: wp_rt_rtm_media segment: 1/1
2014-02-28 04:37:45: table: wp_rt_rtm_media_interaction segment: 1/1
2014-02-28 04:37:46: table: wp_rt_rtm_media_meta segment: 1/1
2014-02-28 04:37:48: table: wp_user_activity segment: 1/1
2014-02-28 04:37:49: table: wp_user_activity_log segment: 1/1
2014-02-28 04:37:50: finish: snapshot-1393562039-140228-043359-a3705874.zip
2014-03-01 23:46:56: restore: init
2014-03-01 23:46:58: restore: table: wp_blog_versions (1/1)
2014-03-01 23:47:01: restore: table: wp_blogs (1/1)
2014-03-01 23:47:03: restore: table: wp_commentmeta (1/1)
2014-03-01 23:47:05: restore: table: wp_comments (1/1)
2014-03-01 23:47:07: restore: table: wp_links (1/1)
2014-03-01 23:47:09: restore: table: wp_options (1/1)
2014-03-01 23:47:16: restore: table: wp_postmeta (1/1)
2014-03-01 23:47:18: restore: table: wp_posts (1/1)
2014-03-01 23:47:22: restore: table: wp_registration_log (1/1)
2014-03-01 23:47:23: restore: table: wp_signups (1/1)
2014-03-01 23:47:26: restore: table: wp_site (1/1)
2014-03-01 23:47:27: restore: table: wp_sitemeta (1/1)
2014-03-01 23:47:31: restore: table: wp_term_relationships (1/1)
2014-03-01 23:47:34: restore: table: wp_term_taxonomy (1/1)
2014-03-01 23:47:37: restore: table: wp_terms (1/1)
2014-03-01 23:47:40: restore: table: wp_usermeta (1/1)
2014-03-01 23:47:44: restore: table: wp_users (1/1)
2014-03-01 23:47:48: restore: table: wp_bb_forums (1/1)
2014-03-01 23:47:50: restore: table: wp_bb_meta (1/1)
2014-03-01 23:48:08: restore: init
2014-03-01 23:48:10: restore: table: wp_blog_versions (1/1)
2014-03-01 23:48:12: restore: table: wp_blogs (1/1)
2014-03-01 23:48:14: restore: table: wp_commentmeta (1/1)
2014-03-01 23:48:17: restore: table: wp_comments (1/1)
2014-03-01 23:48:19: restore: table: wp_links (1/1)
2014-03-01 23:48:21: restore: table: wp_options (1/1)
2014-03-01 23:48:25: restore: table: wp_postmeta (1/1)
2014-03-01 23:48:27: restore: table: wp_posts (1/1)
2014-03-01 23:48:29: restore: table: wp_registration_log (1/1)
2014-03-01 23:48:31: restore: table: wp_signups (1/1)
2014-03-01 23:48:33: restore: table: wp_site (1/1)
2014-03-01 23:48:35: restore: table: wp_sitemeta (1/1)
2014-03-01 23:48:38: restore: table: wp_term_relationships (1/1)
2014-03-01 23:48:40: restore: table: wp_term_taxonomy (1/1)
2014-03-01 23:48:42: restore: table: wp_terms (1/1)
2014-03-01 23:48:45: restore: table: wp_usermeta (1/1)
2014-03-01 23:48:47: restore: table: wp_users (1/1)
2014-03-01 23:48:50: restore: table: wp_bb_forums (1/1)
2014-03-01 23:48:52: restore: table: wp_bb_meta (1/1)
2014-03-01 23:48:54: restore: table: wp_bb_posts (1/1)
2014-03-01 23:48:56: restore: table: wp_bb_term_relationships (1/1)
2014-03-01 23:48:58: restore: table: wp_bb_term_taxonomy (1/1)
2014-03-01 23:49:00: restore: table: wp_bb_terms (1/1)
2014-03-01 23:49:02: restore: table: wp_bb_topics (1/1)
2014-03-01 23:49:04: restore: table: wp_bp_activity (1/1)
2014-03-01 23:49:07: restore: table: wp_bp_activity_meta (1/1)
2014-03-01 23:49:08: restore: table: wp_bp_friends (1/1)
2014-03-01 23:49:10: restore: table: wp_bp_groups (1/1)
2014-03-01 23:49:12: restore: table: wp_bp_groups_groupmeta (1/1)
2014-03-01 23:49:14: restore: table: wp_bp_groups_members (1/1)
2014-03-01 23:49:16: restore: table: wp_bp_messages_messages (1/1)
2014-03-01 23:49:18: restore: table: wp_bp_messages_notices (1/1)
2014-03-01 23:49:20: restore: table: wp_bp_messages_recipients (1/1)
2014-03-01 23:49:22: restore: table: wp_bp_notifications (1/1)
2014-03-01 23:49:23: restore: table: wp_bp_user_blogs (1/1)
2014-03-01 23:49:25: restore: table: wp_bp_user_blogs_blogmeta (1/1)
2014-03-01 23:49:27: restore: table: wp_bp_xprofile_data (1/1)
2014-03-01 23:49:30: restore: table: wp_bp_xprofile_fields (1/1)
2014-03-01 23:49:32: restore: table: wp_bp_xprofile_groups (1/1)
2014-03-01 23:49:34: restore: table: wp_bp_xprofile_meta (1/1)
2014-03-01 23:49:36: restore: table: wp_chat_log (1/1)
2014-03-01 23:49:39: restore: table: wp_chat_message (1/1)
2014-03-01 23:49:42: restore: table: wp_cunjoshare (1/1)
2014-03-01 23:49:45: restore: table: wp_invitations (1/1)
2014-03-01 23:49:46: restore: table: wp_myboard_images (1/1)
2014-03-01 23:49:48: restore: table: wp_rt_rtm_api (1/1)
2014-03-01 23:49:50: restore: table: wp_rt_rtm_media (1/1)
2014-03-01 23:49:51: restore: table: wp_rt_rtm_media_interaction (1/1)
2014-03-01 23:49:54: restore: table: wp_rt_rtm_media_meta (1/1)
2014-03-01 23:49:57: restore: table: wp_user_activity (1/1)
2014-03-01 23:49:59: restore: table: wp_user_activity_log (1/1)
2014-03-01 23:50:02: restore: finish:
2014-03-01 23:50:02: restore: memory_limit: 256M
